[debug] [2022-05-12T12:39:48.112Z] ----------------------------------------------------------------------
[debug] [2022-05-12T12:39:48.114Z] Command:       C:\Program Files\nodejs\node.exe C:\Users\gojaebeom\AppData\Roaming\npm\node_modules\firebase-tools\lib\bin\firebase.js emulators:start
[debug] [2022-05-12T12:39:48.114Z] CLI Version:   10.9.2
[debug] [2022-05-12T12:39:48.114Z] Platform:      win32
[debug] [2022-05-12T12:39:48.114Z] Node Version:  v16.13.1
[debug] [2022-05-12T12:39:48.115Z] Time:          Thu May 12 2022 21:39:48 GMT+0900 (대한민국 표준시)
[debug] [2022-05-12T12:39:48.115Z] ----------------------------------------------------------------------
[debug] 
[debug] [2022-05-12T12:39:48.170Z] > command requires scopes: ["email","openid","https://www.googleapis.com/auth/cloudplatformprojects.readonly","https://www.googleapis.com/auth/firebase","https://www.googleapis.com/auth/cloud-platform"]
[debug] [2022-05-12T12:39:48.171Z] > authorizing via signed-in user (const.gjb@gmail.com)
[debug] [2022-05-12T12:39:48.246Z] openjdk version "1.8.0_322"

[debug] [2022-05-12T12:39:48.246Z] OpenJDK Runtime Environment (Temurin)(build 1.8.0_322-b06)
OpenJDK 64-Bit Server VM (Temurin)(build 25.322-b06, mixed mode)

[debug] [2022-05-12T12:39:48.254Z] Parsed Java major version: 1
[warn] !  emulators: Support for Java version <= 10 will be dropped soon in firebase-tools@11. Please upgrade to Java version 11 or above to continue using the emulators. 
[info] i  emulators: Starting emulators: functions, firestore, hosting, storage {"metadata":{"emulator":{"name":"hub"},"message":"Starting emulators: functions, firestore, hosting, storage"}}
[debug] [2022-05-12T12:39:48.277Z] [hub] writing locator at C:\Users\GOJAEB~1\AppData\Local\Temp\hub-jb-world-2188e.json
[warn] !  functions: The following emulators are not running, calls to these services from the Functions emulator will affect production: auth, database, pubsub {"metadata":{"emulator":{"name":"functions"},"message":"The following emulators are not running, calls to these services from the Functions emulator will affect production: \u001b[1mauth, database, pubsub\u001b[22m"}}
[info] +  functions: Using node@16 from host. {"metadata":{"emulator":{"name":"functions"},"message":"Using node@16 from host."}}
[debug] [2022-05-12T12:39:48.289Z] defaultcredentials: writing to file C:\Users\gojaebeom\AppData\Roaming\firebase\const_gjb_gmail.com_application_default_credentials.json
[debug] [2022-05-12T12:39:48.290Z] Setting GAC to C:\Users\gojaebeom\AppData\Roaming\firebase\const_gjb_gmail.com_application_default_credentials.json {"metadata":{"emulator":{"name":"functions"},"message":"Setting GAC to C:\\Users\\gojaebeom\\AppData\\Roaming\\firebase\\const_gjb_gmail.com_application_default_credentials.json"}}
[debug] [2022-05-12T12:39:48.292Z] >>> [apiv2][query] GET https://firebase.googleapis.com/v1beta1/projects/jb-world-2188e/adminSdkConfig [none]
[debug] [2022-05-12T12:39:48.760Z] <<< [apiv2][status] GET https://firebase.googleapis.com/v1beta1/projects/jb-world-2188e/adminSdkConfig 200
[debug] [2022-05-12T12:39:48.761Z] <<< [apiv2][body] GET https://firebase.googleapis.com/v1beta1/projects/jb-world-2188e/adminSdkConfig {"projectId":"jb-world-2188e","storageBucket":"jb-world-2188e.appspot.com","locationId":"asia-northeast3"}
[debug] [2022-05-12T12:39:48.777Z] Ignoring unsupported arg: projectId {"metadata":{"emulator":{"name":"firestore"},"message":"Ignoring unsupported arg: projectId"}}
[debug] [2022-05-12T12:39:48.778Z] Ignoring unsupported arg: auto_download {"metadata":{"emulator":{"name":"firestore"},"message":"Ignoring unsupported arg: auto_download"}}
[debug] [2022-05-12T12:39:48.778Z] Starting Firestore Emulator with command {"binary":"java","args":["-Dgoogle.cloud_firestore.debug_log_level=FINE","-Duser.language=en","-jar","C:\\Users\\gojaebeom\\.cache\\firebase\\emulators\\cloud-firestore-emulator-v1.14.3.jar","--host","localhost","--port",8080,"--rules","C:\\Users\\gojaebeom\\Desktop\\workspace\\react-phaser3-blog\\firestore.rules","--functions_emulator","localhost:5001"],"optionalArgs":["port","webchannel_port","host","rules","functions_emulator","seed_from_export"],"joinArgs":false} {"metadata":{"emulator":{"name":"firestore"},"message":"Starting Firestore Emulator with command {\"binary\":\"java\",\"args\":[\"-Dgoogle.cloud_firestore.debug_log_level=FINE\",\"-Duser.language=en\",\"-jar\",\"C:\\\\Users\\\\gojaebeom\\\\.cache\\\\firebase\\\\emulators\\\\cloud-firestore-emulator-v1.14.3.jar\",\"--host\",\"localhost\",\"--port\",8080,\"--rules\",\"C:\\\\Users\\\\gojaebeom\\\\Desktop\\\\workspace\\\\react-phaser3-blog\\\\firestore.rules\",\"--functions_emulator\",\"localhost:5001\"],\"optionalArgs\":[\"port\",\"webchannel_port\",\"host\",\"rules\",\"functions_emulator\",\"seed_from_export\"],\"joinArgs\":false}"}}
[info] i  firestore: Firestore Emulator logging to firestore-debug.log {"metadata":{"emulator":{"name":"firestore"},"message":"Firestore Emulator logging to \u001b[1mfirestore-debug.log\u001b[22m"}}
[debug] [2022-05-12T12:39:49.690Z] May 12, 2022 9:39:49 PM com.google.cloud.datastore.emulator.firestore.websocket.WebSocketServer start
INFO: Started WebSocket server on ws://localhost:54144
 {"metadata":{"emulator":{"name":"firestore"},"message":"May 12, 2022 9:39:49 PM com.google.cloud.datastore.emulator.firestore.websocket.WebSocketServer start\r\nINFO: Started WebSocket server on ws://localhost:54144\r\n"}}
[debug] [2022-05-12T12:39:49.715Z] API endpoint: http://localhost:8080
If you are using a library that supports the FIRESTORE_EMULATOR_HOST environment variable, run: {"metadata":{"emulator":{"name":"firestore"},"message":"API endpoint: http://localhost:8080\nIf you are using a library that supports the FIRESTORE_EMULATOR_HOST environment variable, run:"}}
[debug] [2022-05-12T12:39:49.715Z] 

   export FIRESTORE_EMULATOR_HOST=localhost:8080

Dev App Server is now running.

 {"metadata":{"emulator":{"name":"firestore"},"message":"\r\n\n   export FIRESTORE_EMULATOR_HOST=localhost:8080\n\nDev App Server is now running.\n\r\n"}}
[debug] [2022-05-12T12:39:49.823Z] Ignoring unsupported arg: port {"metadata":{"emulator":{"name":"storage"},"message":"Ignoring unsupported arg: port"}}
[debug] [2022-05-12T12:39:50.525Z] Temp file directory for storage emulator: C:\Users\GOJAEB~1\AppData\Local\Temp/firebase/storage/blobs {"metadata":{"emulator":{"name":"storage"},"message":"Temp file directory for storage emulator: C:\\Users\\GOJAEB~1\\AppData\\Local\\Temp/firebase/storage/blobs"}}
[debug] [2022-05-12T12:39:50.531Z] >>> [apiv2][query] GET https://firebasehosting.googleapis.com/v1beta1/projects/jb-world-2188e/sites 
[debug] [2022-05-12T12:39:51.669Z] <<< [apiv2][status] GET https://firebasehosting.googleapis.com/v1beta1/projects/jb-world-2188e/sites 200
[debug] [2022-05-12T12:39:51.670Z] <<< [apiv2][body] GET https://firebasehosting.googleapis.com/v1beta1/projects/jb-world-2188e/sites {"sites":[{"name":"projects/jb-world-2188e/sites/jb-world-2188e","defaultUrl":"https://jb-world-2188e.web.app","type":"DEFAULT_SITE"}]}
[debug] [2022-05-12T12:39:51.670Z] >>> [apiv2][query] GET https://firebase.googleapis.com/v1beta1/projects/jb-world-2188e/webApps/-/config [none]
[debug] [2022-05-12T12:39:52.739Z] <<< [apiv2][status] GET https://firebase.googleapis.com/v1beta1/projects/jb-world-2188e/webApps/-/config 200
[debug] [2022-05-12T12:39:52.739Z] <<< [apiv2][body] GET https://firebase.googleapis.com/v1beta1/projects/jb-world-2188e/webApps/-/config {"projectId":"jb-world-2188e","appId":"1:734451865456:web:47b619ed45b4bc1cb9e1b5","storageBucket":"jb-world-2188e.appspot.com","locationId":"asia-northeast3","apiKey":"AIzaSyAexNe9mAWGK8HDHFixVcBGexR1R7UIfc0","authDomain":"jb-world-2188e.firebaseapp.com","messagingSenderId":"734451865456","measurementId":"G-FMSG02NDTZ"}
[info] i  hosting: Serving hosting files from: build {"metadata":{"emulator":{"name":"hosting"},"message":"Serving hosting files from: \u001b[1mbuild\u001b[22m"}}
[info] +  hosting: Local server: http://localhost:5000 {"metadata":{"emulator":{"name":"hosting"},"message":"Local server: \u001b[4m\u001b[1mhttp://localhost:5000\u001b[22m\u001b[24m"}}
[debug] [2022-05-12T12:39:52.766Z] Ignoring unsupported arg: auto_download {"metadata":{"emulator":{"name":"ui"},"message":"Ignoring unsupported arg: auto_download"}}
[debug] [2022-05-12T12:39:52.766Z] Ignoring unsupported arg: port {"metadata":{"emulator":{"name":"ui"},"message":"Ignoring unsupported arg: port"}}
[debug] [2022-05-12T12:39:52.766Z] Starting Emulator UI with command {"binary":"node","args":["C:\\Users\\gojaebeom\\.cache\\firebase\\emulators\\ui-v1.7.0\\server.bundle.js"],"optionalArgs":[],"joinArgs":false} {"metadata":{"emulator":{"name":"ui"},"message":"Starting Emulator UI with command {\"binary\":\"node\",\"args\":[\"C:\\\\Users\\\\gojaebeom\\\\.cache\\\\firebase\\\\emulators\\\\ui-v1.7.0\\\\server.bundle.js\"],\"optionalArgs\":[],\"joinArgs\":false}"}}
[info] i  ui: Emulator UI logging to ui-debug.log {"metadata":{"emulator":{"name":"ui"},"message":"Emulator UI logging to \u001b[1mui-debug.log\u001b[22m"}}
[debug] [2022-05-12T12:39:52.868Z] Web / API server started at localhost:4000
 {"metadata":{"emulator":{"name":"ui"},"message":"Web / API server started at localhost:4000\n"}}
[info] i  functions: Watching "C:\Users\gojaebeom\Desktop\workspace\react-phaser3-blog\functions" for Cloud Functions... {"metadata":{"emulator":{"name":"functions"},"message":"Watching \"C:\\Users\\gojaebeom\\Desktop\\workspace\\react-phaser3-blog\\functions\" for Cloud Functions..."}}
[debug] [2022-05-12T12:39:53.037Z] Validating nodejs source
[debug] [2022-05-12T12:39:55.241Z] > [functions] package.json contents: {
  "name": "functions",
  "scripts": {
    "build": "tsc",
    "build:watch": "tsc --watch",
    "serve": "npm run build && firebase emulators:start --only functions",
    "shell": "npm run build && firebase functions:shell",
    "start": "npm run shell",
    "deploy": "firebase deploy --only functions",
    "logs": "firebase functions:log"
  },
  "engines": {
    "node": "16"
  },
  "main": "lib/index.js",
  "dependencies": {
    "express": "^4.18.1",
    "firebase-admin": "^10.2.0",
    "firebase-functions": "^3.21.0"
  },
  "devDependencies": {
    "typescript": "^4.6.4"
  },
  "private": true
}
[debug] [2022-05-12T12:39:55.242Z] Building nodejs source
[debug] [2022-05-12T12:39:55.242Z] Analyzing nodejs backend spec
[debug] [2022-05-12T12:39:55.243Z] Could not find functions.yaml. Must use http discovery
